<?xml version="1.0" encoding="UTF-8"?>
<!-- Generated by org.testng.reporters.JUnitReportReporter -->
<testsuite skipped="0" hostname="Jatins-MacBook-Pro.local" name="DamcoAssignment.DamcoAssignment.com.MMTTask" tests="1" failures="0" timestamp="2023-05-29T04:15:26 IST" time="11.820" errors="0">
  <testcase name="flightSearch" time="11.820" classname="DamcoAssignment.DamcoAssignment.com.MMTTask"/>
  <system-out/>
</testsuite> <!-- DamcoAssignment.DamcoAssignment.com.MMTTask -->
