<?xml version="1.0" encoding="UTF-8"?>
<!-- Generated by org.testng.reporters.JUnitReportReporter -->
<testsuite skipped="0" hostname="Jatins-MacBook-Pro.local" name="DamcoAssignment.DamcoAssignment.com.EmailTask" tests="3" failures="0" timestamp="2023-05-29T00:23:11 IST" time="38.503" errors="0">
  <testcase name="openMail" time="9.306" classname="DamcoAssignment.DamcoAssignment.com.EmailTask"/>
  <system-out/>
  <testcase name="composeMail" time="25.045" classname="DamcoAssignment.DamcoAssignment.com.EmailTask"/>
  <system-out/>
  <testcase name="verifyMail" time="4.152" classname="DamcoAssignment.DamcoAssignment.com.EmailTask"/>
  <system-out/>
</testsuite> <!-- DamcoAssignment.DamcoAssignment.com.EmailTask -->
